@C4Hid Activation Func. : FANN_LINEAR --- Out Activation Func. : FANN_LINEAR 
00000001 : 0.039397       : 210 
00000250 : 0.024417       : 118 
00000500 : 0.024417       : 117 
00000750 : 0.024417       : 117 
00001000 : 0.024417       : 117 
00001250 : 0.024417       : 117 
00001500 : 0.024417       : 118 
00001750 : 0.024417       : 118 
00002000 : 0.024417       : 117 
@C4Hid Activation Func. : FANN_LINEAR --- Out Activation Func. : FANN_SIGMOID 
00000001 : 0.283891       : 2220 
00000250 : 0.030937       : 163 
00000500 : 0.030938       : 163 
00000750 : 0.032185       : 162 
00001000 : 0.032080       : 163 
00001250 : 0.030942       : 163 
00001500 : 0.030948       : 165 
00001750 : 0.031989       : 163 
00002000 : 0.031893       : 160 
@C4Hid Activation Func. : FANN_LINEAR --- Out Activation Func. : FANN_SIGMOID_STEPWISE 
00000001 : 0.283650       : 2218 
00000250 : 0.031768       : 173 
00000500 : 0.030950       : 165 
00000750 : 0.031719       : 160 
00001000 : 0.031657       : 160 
00001250 : 0.030939       : 163 
00001500 : 0.030979       : 165 
00001750 : 0.031037       : 167 
00002000 : 0.031323       : 159 
@C4Hid Activation Func. : FANN_LINEAR --- Out Activation Func. : FANN_SIGMOID_SYMMETRIC 
00000001 : 0.009849       : 22 
00000250 : 0.088871       : 778 
00000500 : 0.078628       : 676 
00000750 : 0.071277       : 617 
00001000 : 0.068834       : 606 
00001250 : 0.067667       : 613 
00001500 : 0.066684       : 596 
00001750 : 0.065719       : 589 
00002000 : 0.065508       : 594 
@C4Hid Activation Func. : FANN_LINEAR --- Out Activation Func. : FANN_SIGMOID_SYMMETRIC_STEPWISE 
00000001 : 0.009773       : 23 
00000250 : 0.006099       : 7 
00000500 : 0.006099       : 7 
00000750 : 0.006099       : 7 
00001000 : 0.006099       : 7 
00001250 : 0.006099       : 7 
00001500 : 0.006099       : 7 
00001750 : 0.006099       : 7 
00002000 : 0.006099       : 7 
@C4Hid Activation Func. : FANN_LINEAR --- Out Activation Func. : FANN_GAUSSIAN 
00000001 : 1.022575       : 2661 
00000250 : 0.029802       : 157 
00000500 : 0.029737       : 158 
00000750 : 0.029734       : 157 
00001000 : 0.029734       : 158 
00001250 : 0.029734       : 158 
00001500 : 0.029720       : 158 
00001750 : 0.029712       : 158 
00002000 : 0.029710       : 157 
@C4Hid Activation Func. : FANN_LINEAR --- Out Activation Func. : FANN_GAUSSIAN_SYMMETRIC 
00000001 : 0.254883       : 2521 
00000250 : 0.006100       : 7 
00000500 : 0.006100       : 7 
00000750 : 0.006100       : 7 
00001000 : 0.006100       : 7 
00001250 : 0.006100       : 7 
00001500 : 0.006100       : 7 
00001750 : 0.006100       : 7 
00002000 : 0.006100       : 7 
@C4Hid Activation Func. : FANN_LINEAR --- Out Activation Func. : FANN_ELLIOT 
00000001 : 0.283719       : 2219 
00000250 : 0.031078       : 165 
00000500 : 0.031079       : 165 
00000750 : 0.031066       : 162 
00001000 : 0.031066       : 162 
00001250 : 0.031066       : 162 
00001500 : 0.031091       : 165 
00001750 : 0.031093       : 165 
00002000 : 0.031063       : 163 
@C4Hid Activation Func. : FANN_LINEAR --- Out Activation Func. : FANN_ELLIOT_SYMMETRIC 
00000001 : 0.009814       : 22 
00000250 : 0.128698       : 1223 
00000500 : 0.127579       : 1220 
00000750 : 0.126926       : 1216 
00001000 : 0.126426       : 1216 
00001250 : 0.126162       : 1217 
00001500 : 0.125753       : 1210 
00001750 : 0.125426       : 1210 
00002000 : 0.125496       : 1211 
@C4Hid Activation Func. : FANN_LINEAR --- Out Activation Func. : FANN_LINEAR_PIECE 
00000001 : 0.038240       : 205 
00000250 : 0.046411       : 288 
00000500 : 0.052994       : 278 
00000750 : 0.038432       : 174 
00001000 : 0.034457       : 193 
00001250 : 0.045588       : 278 
00001500 : 0.041852       : 243 
00001750 : 0.033603       : 168 
00002000 : 0.035292       : 177 
@C4Hid Activation Func. : FANN_LINEAR --- Out Activation Func. : FANN_LINEAR_PIECE_SYMMETRIC 
00000001 : 0.009849       : 22 
00000250 : 0.033318       : 231 
00000500 : 0.014554       : 56 
00000750 : 0.013447       : 53 
00001000 : 0.012507       : 51 
00001250 : 0.013025       : 51 
00001500 : 0.012348       : 50 
00001750 : 0.012475       : 50 
00002000 : 0.012323       : 54 
@C4Hid Activation Func. : FANN_LINEAR --- Out Activation Func. : FANN_SIN_SYMMETRIC 
00000001 : 0.009849       : 22 
00000250 : 0.006099       : 7 
00000500 : 0.006099       : 7 
00000750 : 0.006099       : 7 
00001000 : 0.006099       : 7 
00001250 : 0.006099       : 7 
00001500 : 0.006099       : 7 
00001750 : 0.006099       : 7 
00002000 : 0.006099       : 7 
@C4Hid Activation Func. : FANN_LINEAR --- Out Activation Func. : FANN_COS_SYMMETRIC 
00000001 : 0.256025       : 2521 
00000250 : 0.006102       : 7 
00000500 : 0.006100       : 7 
00000750 : 0.006101       : 7 
00001000 : 0.006101       : 7 
00001250 : 0.006102       : 7 
00001500 : 0.006102       : 7 
00001750 : 0.006102       : 7 
00002000 : 0.006101       : 7 
@C4Hid Activation Func. : FANN_SIGMOID --- Out Activation Func. : FANN_LINEAR 
00000001 : 0.042423       : 216 
00000250 : 0.017532       : 63 
00000500 : 0.014774       : 48 
00000750 : 0.013511       : 30 
00001000 : 0.013046       : 28 
00001250 : 0.012714       : 30 
00001500 : 0.012498       : 27 
00001750 : 0.012374       : 27 
00002000 : 0.012276       : 27 
@C4Hid Activation Func. : FANN_SIGMOID --- Out Activation Func. : FANN_SIGMOID 
00000001 : 0.289424       : 2209 
00000250 : 0.030939       : 162 
00000500 : 0.030939       : 162 
00000750 : 0.030939       : 162 
00001000 : 0.030939       : 162 
00001250 : 0.030939       : 162 
00001500 : 0.030939       : 162 
00001750 : 0.030939       : 162 
00002000 : 0.030939       : 162 
@C4Hid Activation Func. : FANN_SIGMOID --- Out Activation Func. : FANN_SIGMOID_STEPWISE 
00000001 : 0.288706       : 2209 
00000250 : 0.030939       : 162 
00000500 : 0.030939       : 162 
00000750 : 0.030964       : 161 
00001000 : 0.030964       : 161 
00001250 : 0.030939       : 162 
00001500 : 0.030965       : 161 
00001750 : 0.030939       : 162 
00002000 : 0.030964       : 161 
@C4Hid Activation Func. : FANN_SIGMOID --- Out Activation Func. : FANN_SIGMOID_SYMMETRIC 
00000001 : 0.010594       : 22 
00000250 : 0.006964       : 17 
00000500 : 0.005987       : 7 
00000750 : 0.005382       : 3 
00001000 : 0.005296       : 2 
00001250 : 0.005243       : 2 
00001500 : 0.005197       : 1 
00001750 : 0.005190       : 1 
00002000 : 0.005189       : 1 
@C4Hid Activation Func. : FANN_SIGMOID --- Out Activation Func. : FANN_SIGMOID_SYMMETRIC_STEPWISE 
00000001 : 0.010392       : 22 
00000250 : 0.004728       : 5 
00000500 : 0.004351       : 4 
00000750 : 0.004257       : 4 
00001000 : 0.004088       : 3 
00001250 : 0.004023       : 2 
00001500 : 0.003966       : 1 
00001750 : 0.003952       : 1 
00002000 : 0.003909       : 1 
@C4Hid Activation Func. : FANN_SIGMOID --- Out Activation Func. : FANN_GAUSSIAN 
00000001 : 1.016024       : 2661 
00000250 : 0.027713       : 140 
00000500 : 0.027600       : 143 
00000750 : 0.026963       : 138 
00001000 : 0.027023       : 140 
00001250 : 0.026888       : 140 
00001500 : 0.026760       : 140 
00001750 : 0.026705       : 140 
00002000 : 0.026728       : 140 
@C4Hid Activation Func. : FANN_SIGMOID --- Out Activation Func. : FANN_GAUSSIAN_SYMMETRIC 
00000001 : 0.251644       : 2520 
00000250 : 0.079754       : 864 
00000500 : 0.075376       : 826 
00000750 : 0.073539       : 805 
00001000 : 0.051503       : 583 
00001250 : 0.051403       : 583 
00001500 : 0.051520       : 584 
00001750 : 0.051345       : 583 
00002000 : 0.051312       : 583 
@C4Hid Activation Func. : FANN_SIGMOID --- Out Activation Func. : FANN_ELLIOT 
00000001 : 0.287662       : 2209 
00000250 : 0.031022       : 162 
00000500 : 0.031022       : 162 
00000750 : 0.031022       : 162 
00001000 : 0.031022       : 162 
00001250 : 0.031022       : 162 
00001500 : 0.031022       : 162 
00001750 : 0.031022       : 162 
00002000 : 0.031022       : 162 
@C4Hid Activation Func. : FANN_SIGMOID --- Out Activation Func. : FANN_ELLIOT_SYMMETRIC 
00000001 : 0.010374       : 22 
00000250 : 0.006149       : 7 
00000500 : 0.005647       : 4 
00000750 : 0.005685       : 5 
00001000 : 0.005608       : 5 
00001250 : 0.005578       : 5 
00001500 : 0.005563       : 5 
00001750 : 0.005390       : 2 
00002000 : 0.005356       : 2 
@C4Hid Activation Func. : FANN_SIGMOID --- Out Activation Func. : FANN_LINEAR_PIECE 
00000001 : 0.040882       : 206 
00000250 : 0.030945       : 162 
00000500 : 0.030938       : 163 
00000750 : 0.030942       : 162 
00001000 : 0.030940       : 162 
00001250 : 0.030938       : 163 
00001500 : 0.030944       : 162 
00001750 : 0.030940       : 162 
00002000 : 0.030941       : 162 
@C4Hid Activation Func. : FANN_SIGMOID --- Out Activation Func. : FANN_LINEAR_PIECE_SYMMETRIC 
00000001 : 0.010606       : 22 
00000250 : 0.007271       : 17 
00000500 : 0.006757       : 12 
00000750 : 0.008940       : 31 
00001000 : 0.006430       : 7 
00001250 : 0.006486       : 9 
00001500 : 0.005875       : 4 
00001750 : 0.005658       : 4 
00002000 : 0.005629       : 5 
@C4Hid Activation Func. : FANN_SIGMOID --- Out Activation Func. : FANN_SIN_SYMMETRIC 
00000001 : 0.010600       : 22 
00000250 : 0.004674       : 2 
00000500 : 0.004259       : 1 
00000750 : 0.004137       : 1 
00001000 : 0.004052       : 1 
00001250 : 0.003970       : 0 
00001500 : 0.003918       : 0 
00001750 : 0.003888       : 0 
00002000 : 0.003858       : 0 
@C4Hid Activation Func. : FANN_SIGMOID --- Out Activation Func. : FANN_COS_SYMMETRIC 
00000001 : 0.255193       : 2521 
00000250 : 0.005603       : 4 
00000500 : 0.005273       : 4 
00000750 : 0.005113       : 3 
00001000 : 0.004980       : 3 
00001250 : 0.004842       : 3 
00001500 : 0.004696       : 3 
00001750 : 0.004641       : 3 
00002000 : 0.004591       : 3 
@C4Hid Activation Func. : FANN_SIGMOID_STEPWISE --- Out Activation Func. : FANN_LINEAR 
00000001 : 0.042424       : 216 
00000250 : 0.019468       : 78 
00000500 : 0.018456       : 68 
00000750 : 0.018059       : 61 
00001000 : 0.017830       : 61 
00001250 : 0.017394       : 58 
00001500 : 0.017157       : 58 
00001750 : 0.017023       : 56 
00002000 : 0.017023       : 56 
@C4Hid Activation Func. : FANN_SIGMOID_STEPWISE --- Out Activation Func. : FANN_SIGMOID 
00000001 : 0.289394       : 2209 
00000250 : 0.030939       : 162 
00000500 : 0.030939       : 162 
00000750 : 0.030939       : 162 
00001000 : 0.030939       : 162 
00001250 : 0.030939       : 162 
00001500 : 0.030939       : 162 
00001750 : 0.030939       : 162 
00002000 : 0.030939       : 162 
@C4Hid Activation Func. : FANN_SIGMOID_STEPWISE --- Out Activation Func. : FANN_SIGMOID_STEPWISE 
00000001 : 0.288679       : 2209 
00000250 : 0.030939       : 162 
00000500 : 0.030939       : 162 
00000750 : 0.030964       : 161 
00001000 : 0.030964       : 161 
00001250 : 0.030939       : 162 
00001500 : 0.030964       : 161 
00001750 : 0.030939       : 162 
00002000 : 0.030964       : 161 
@C4Hid Activation Func. : FANN_SIGMOID_STEPWISE --- Out Activation Func. : FANN_SIGMOID_SYMMETRIC 
00000001 : 0.010595       : 22 
00000250 : 0.006953       : 20 
00000500 : 0.005838       : 6 
00000750 : 0.005619       : 6 
00001000 : 0.005485       : 5 
00001250 : 0.005411       : 5 
00001500 : 0.005391       : 5 
00001750 : 0.005384       : 5 
00002000 : 0.005373       : 5 
@C4Hid Activation Func. : FANN_SIGMOID_STEPWISE --- Out Activation Func. : FANN_SIGMOID_SYMMETRIC_STEPWISE 
00000001 : 0.010392       : 22 
00000250 : 0.005266       : 3 
00000500 : 0.004862       : 2 
00000750 : 0.004682       : 2 
00001000 : 0.004595       : 2 
00001250 : 0.004524       : 2 
00001500 : 0.004476       : 2 
00001750 : 0.004466       : 2 
00002000 : 0.004419       : 2 
@C4Hid Activation Func. : FANN_SIGMOID_STEPWISE --- Out Activation Func. : FANN_GAUSSIAN 
00000001 : 1.016032       : 2661 
00000250 : 0.028819       : 149 
00000500 : 0.028129       : 144 
00000750 : 0.027896       : 144 
00001000 : 0.027800       : 146 
00001250 : 0.027763       : 146 
00001500 : 0.027865       : 147 
00001750 : 0.027754       : 146 
00002000 : 0.027856       : 147 
@C4Hid Activation Func. : FANN_SIGMOID_STEPWISE --- Out Activation Func. : FANN_GAUSSIAN_SYMMETRIC 
00000001 : 0.251648       : 2520 
00000250 : 0.005287       : 2 
00000500 : 0.004858       : 1 
00000750 : 0.004604       : 1 
00001000 : 0.004462       : 1 
00001250 : 0.004334       : 0 
00001500 : 0.004249       : 0 
00001750 : 0.004207       : 0 
00002000 : 0.004166       : 0 
@C4Hid Activation Func. : FANN_SIGMOID_STEPWISE --- Out Activation Func. : FANN_ELLIOT 
00000001 : 0.287636       : 2209 
00000250 : 0.029886       : 158 
00000500 : 0.029679       : 155 
00000750 : 0.029608       : 157 
00001000 : 0.029572       : 157 
00001250 : 0.029556       : 156 
00001500 : 0.029541       : 156 
00001750 : 0.029530       : 156 
00002000 : 0.029523       : 156 
@C4Hid Activation Func. : FANN_SIGMOID_STEPWISE --- Out Activation Func. : FANN_ELLIOT_SYMMETRIC 
00000001 : 0.010374       : 22 
00000250 : 0.028147       : 219 
00000500 : 0.021984       : 185 
00000750 : 0.005723       : 7 
00001000 : 0.005679       : 7 
00001250 : 0.005418       : 7 
00001500 : 0.005386       : 7 
00001750 : 0.005363       : 7 
00002000 : 0.005351       : 7 
@C4Hid Activation Func. : FANN_SIGMOID_STEPWISE --- Out Activation Func. : FANN_LINEAR_PIECE 
00000001 : 0.040876       : 206 
00000250 : 0.030940       : 162 
00000500 : 0.030942       : 162 
00000750 : 0.030939       : 162 
00001000 : 0.030940       : 162 
00001250 : 0.030942       : 163 
00001500 : 0.030940       : 162 
00001750 : 0.030941       : 162 
00002000 : 0.030939       : 163 
@C4Hid Activation Func. : FANN_SIGMOID_STEPWISE --- Out Activation Func. : FANN_LINEAR_PIECE_SYMMETRIC 
00000001 : 0.010606       : 22 
00000250 : 0.007372       : 20 
00000500 : 0.006960       : 12 
00000750 : 0.007016       : 15 
00001000 : 0.007130       : 17 
00001250 : 0.007091       : 14 
00001500 : 0.006630       : 11 
00001750 : 0.006273       : 7 
00002000 : 0.006273       : 7 
@C4Hid Activation Func. : FANN_SIGMOID_STEPWISE --- Out Activation Func. : FANN_SIN_SYMMETRIC 
00000001 : 0.010600       : 22 
00000250 : 0.294428       : 2625 
00000500 : 0.294428       : 2625 
00000750 : 0.294428       : 2625 
00001000 : 0.294428       : 2625 
00001250 : 0.294428       : 2625 
00001500 : 0.294428       : 2625 
00001750 : 0.294428       : 2625 
00002000 : 0.294428       : 2625 
@C4Hid Activation Func. : FANN_SIGMOID_STEPWISE --- Out Activation Func. : FANN_COS_SYMMETRIC 
00000001 : 0.255195       : 2521 
00000250 : 0.053330       : 387 
00000500 : 0.054106       : 394 
00000750 : 0.053585       : 390 
00001000 : 0.053570       : 390 
00001250 : 0.053569       : 390 
00001500 : 0.053568       : 390 
00001750 : 0.053568       : 390 
00002000 : 0.053568       : 390 
@C4Hid Activation Func. : FANN_SIGMOID_SYMMETRIC --- Out Activation Func. : FANN_LINEAR 
00000001 : 0.039397       : 210 
00000250 : 0.261933       : 420 
00000500 : 0.125217       : 682 
00000750 : 0.058959       : 303 
00001000 : 0.054728       : 280 
00001250 : 0.054625       : 281 
00001500 : 0.053132       : 267 
00001750 : 0.055683       : 285 
00002000 : 0.057214       : 290 
@C4Hid Activation Func. : FANN_SIGMOID_SYMMETRIC --- Out Activation Func. : FANN_SIGMOID 
00000001 : 0.283890       : 2220 
00000250 : 0.030939       : 162 
00000500 : 0.030939       : 162 
00000750 : 0.030939       : 162 
00001000 : 0.030939       : 162 
00001250 : 0.030939       : 162 
00001500 : 0.030939       : 162 
00001750 : 0.030939       : 162 
00002000 : 0.030939       : 162 
@C4Hid Activation Func. : FANN_SIGMOID_SYMMETRIC --- Out Activation Func. : FANN_SIGMOID_STEPWISE 
00000001 : 0.283649       : 2218 
00000250 : 0.030939       : 162 
00000500 : 0.030964       : 161 
00000750 : 0.030965       : 161 
00001000 : 0.030939       : 162 
00001250 : 0.030964       : 161 
00001500 : 0.030965       : 161 
00001750 : 0.030964       : 161 
00002000 : 0.030939       : 162 
@C4Hid Activation Func. : FANN_SIGMOID_SYMMETRIC --- Out Activation Func. : FANN_SIGMOID_SYMMETRIC 
00000001 : 0.009849       : 22 
00000250 : 0.021922       : 185 
00000500 : 0.015833       : 116 
00000750 : 0.011384       : 73 
00001000 : 0.011975       : 82 
00001250 : 0.011260       : 73 
00001500 : 0.011261       : 74 
00001750 : 0.011156       : 75 
00002000 : 0.011131       : 74 
@C4Hid Activation Func. : FANN_SIGMOID_SYMMETRIC --- Out Activation Func. : FANN_SIGMOID_SYMMETRIC_STEPWISE 
00000001 : 0.009773       : 23 
00000250 : 0.004575       : 1 
00000500 : 0.004147       : 0 
00000750 : 0.004022       : 0 
00001000 : 0.003926       : 0 
00001250 : 0.003866       : 0 
00001500 : 0.003818       : 0 
00001750 : 0.003777       : 0 
00002000 : 0.003752       : 0 
@C4Hid Activation Func. : FANN_SIGMOID_SYMMETRIC --- Out Activation Func. : FANN_GAUSSIAN 
00000001 : 1.022575       : 2661 
00000250 : 0.027914       : 149 
00000500 : 0.027115       : 137 
00000750 : 0.027010       : 138 
00001000 : 0.026812       : 136 
00001250 : 0.026670       : 134 
00001500 : 0.026468       : 134 
00001750 : 0.026339       : 134 
00002000 : 0.026383       : 133 
@C4Hid Activation Func. : FANN_SIGMOID_SYMMETRIC --- Out Activation Func. : FANN_GAUSSIAN_SYMMETRIC 
00000001 : 0.254883       : 2521 
00000250 : 0.006096       : 5 
00000500 : 0.005821       : 6 
00000750 : 0.005641       : 5 
00001000 : 0.005539       : 5 
00001250 : 0.005479       : 5 
00001500 : 0.005441       : 5 
00001750 : 0.005398       : 5 
00002000 : 0.005335       : 5 
@C4Hid Activation Func. : FANN_SIGMOID_SYMMETRIC --- Out Activation Func. : FANN_ELLIOT 
00000001 : 0.283718       : 2219 
00000250 : 0.031019       : 162 
00000500 : 0.031019       : 162 
00000750 : 0.031019       : 162 
00001000 : 0.031019       : 162 
00001250 : 0.031019       : 162 
00001500 : 0.031019       : 162 
00001750 : 0.031019       : 162 
00002000 : 0.031019       : 162 
@C4Hid Activation Func. : FANN_SIGMOID_SYMMETRIC --- Out Activation Func. : FANN_ELLIOT_SYMMETRIC 
00000001 : 0.009814       : 22 
00000250 : 0.108920       : 1119 
00000500 : 0.123418       : 1189 
00000750 : 0.117551       : 1173 
00001000 : 0.114075       : 1125 
00001250 : 0.127891       : 1195 
00001500 : 0.120725       : 1165 
00001750 : 0.113786       : 1132 
00002000 : 0.104315       : 1103 
@C4Hid Activation Func. : FANN_SIGMOID_SYMMETRIC --- Out Activation Func. : FANN_LINEAR_PIECE 
00000001 : 0.038240       : 205 
00000250 : 0.030939       : 162 
00000500 : 0.030940       : 162 
00000750 : 0.030939       : 162 
00001000 : 0.030940       : 162 
00001250 : 0.030939       : 162 
00001500 : 0.030940       : 162 
00001750 : 0.030939       : 162 
00002000 : 0.030940       : 162 
@C4Hid Activation Func. : FANN_SIGMOID_SYMMETRIC --- Out Activation Func. : FANN_LINEAR_PIECE_SYMMETRIC 
00000001 : 0.009849       : 22 
00000250 : 0.007345       : 13 
00000500 : 0.007042       : 14 
00000750 : 0.006563       : 11 
00001000 : 0.006654       : 12 
00001250 : 0.006253       : 6 
00001500 : 0.006429       : 11 
00001750 : 0.006365       : 11 
00002000 : 0.006263       : 9 
@C4Hid Activation Func. : FANN_SIGMOID_SYMMETRIC --- Out Activation Func. : FANN_SIN_SYMMETRIC 
00000001 : 0.009849       : 22 
00000250 : 0.004342       : 1 
00000500 : 0.003686       : 0 
00000750 : 0.003461       : 0 
00001000 : 0.003300       : 0 
00001250 : 0.003227       : 0 
00001500 : 0.003176       : 0 
00001750 : 0.003131       : 0 
00002000 : 0.003088       : 0 
@C4Hid Activation Func. : FANN_SIGMOID_SYMMETRIC --- Out Activation Func. : FANN_COS_SYMMETRIC 
00000001 : 0.256025       : 2521 
00000250 : 0.005403       : 5 
00000500 : 0.005057       : 5 
00000750 : 0.005000       : 5 
00001000 : 0.004900       : 3 
00001250 : 0.004778       : 2 
00001500 : 0.004719       : 2 
00001750 : 0.004682       : 2 
00002000 : 0.004669       : 2 
@C4Hid Activation Func. : FANN_SIGMOID_SYMMETRIC_STEPWISE --- Out Activation Func. : FANN_LINEAR 
00000001 : 0.039408       : 210 
00000250 : 0.019458       : 67 
00000500 : 0.017848       : 58 
00000750 : 0.016990       : 55 
00001000 : 0.016531       : 53 
00001250 : 0.016125       : 53 
00001500 : 0.015643       : 45 
00001750 : 0.015450       : 39 
00002000 : 0.015206       : 37 
@C4Hid Activation Func. : FANN_SIGMOID_SYMMETRIC_STEPWISE --- Out Activation Func. : FANN_SIGMOID 
00000001 : 0.283833       : 2220 
00000250 : 0.030939       : 162 
00000500 : 0.030939       : 162 
00000750 : 0.030939       : 162 
00001000 : 0.030939       : 162 
00001250 : 0.030939       : 162 
00001500 : 0.030938       : 162 
00001750 : 0.030939       : 162 
00002000 : 0.030939       : 162 
@C4Hid Activation Func. : FANN_SIGMOID_SYMMETRIC_STEPWISE --- Out Activation Func. : FANN_SIGMOID_STEPWISE 
00000001 : 0.283596       : 2218 
00000250 : 0.030964       : 161 
00000500 : 0.030939       : 162 
00000750 : 0.030964       : 161 
00001000 : 0.030964       : 161 
00001250 : 0.030939       : 162 
00001500 : 0.030939       : 162 
00001750 : 0.030964       : 161 
00002000 : 0.030964       : 161 
@C4Hid Activation Func. : FANN_SIGMOID_SYMMETRIC_STEPWISE --- Out Activation Func. : FANN_SIGMOID_SYMMETRIC 
00000001 : 0.009852       : 22 
00000250 : 0.041320       : 370 
00000500 : 0.041413       : 369 
00000750 : 0.040407       : 364 
00001000 : 0.036552       : 336 
00001250 : 0.032119       : 284 
00001500 : 0.032054       : 283 
00001750 : 0.031961       : 285 
00002000 : 0.030752       : 269 
@C4Hid Activation Func. : FANN_SIGMOID_SYMMETRIC_STEPWISE --- Out Activation Func. : FANN_SIGMOID_SYMMETRIC_STEPWISE 
00000001 : 0.009776       : 23 
00000250 : 0.004813       : 3 
00000500 : 0.004379       : 2 
00000750 : 0.004033       : 1 
00001000 : 0.003926       : 1 
00001250 : 0.003778       : 1 
00001500 : 0.003702       : 0 
00001750 : 0.003648       : 0 
00002000 : 0.003600       : 0 
@C4Hid Activation Func. : FANN_SIGMOID_SYMMETRIC_STEPWISE --- Out Activation Func. : FANN_GAUSSIAN 
00000001 : 1.022578       : 2661 
00000250 : 0.026486       : 135 
00000500 : 0.025622       : 128 
00000750 : 0.025423       : 126 
00001000 : 0.025333       : 125 
00001250 : 0.025246       : 123 
00001500 : 0.025218       : 123 
00001750 : 0.025170       : 122 
00002000 : 0.025158       : 122 
@C4Hid Activation Func. : FANN_SIGMOID_SYMMETRIC_STEPWISE --- Out Activation Func. : FANN_GAUSSIAN_SYMMETRIC 
00000001 : 0.254885       : 2521 
00000250 : 0.005245       : 4 
00000500 : 0.005021       : 3 
00000750 : 0.004861       : 2 
00001000 : 0.004596       : 2 
00001250 : 0.004505       : 2 
00001500 : 0.004389       : 2 
00001750 : 0.004337       : 1 
00002000 : 0.004309       : 1 
@C4Hid Activation Func. : FANN_SIGMOID_SYMMETRIC_STEPWISE --- Out Activation Func. : FANN_ELLIOT 
00000001 : 0.283665       : 2219 
00000250 : 0.030691       : 162 
00000500 : 0.030597       : 161 
00000750 : 0.030596       : 161 
00001000 : 0.030595       : 161 
00001250 : 0.030595       : 161 
00001500 : 0.030594       : 161 
00001750 : 0.030596       : 162 
00002000 : 0.030596       : 162 
@C4Hid Activation Func. : FANN_SIGMOID_SYMMETRIC_STEPWISE --- Out Activation Func. : FANN_ELLIOT_SYMMETRIC 
00000001 : 0.009817       : 22 
00000250 : 0.108663       : 1155 
00000500 : 0.109933       : 1149 
00000750 : 0.106958       : 1123 
00001000 : 0.105269       : 1087 
00001250 : 0.104027       : 1072 
00001500 : 0.100776       : 1043 
00001750 : 0.101609       : 1058 
00002000 : 0.101751       : 1066 
@C4Hid Activation Func. : FANN_SIGMOID_SYMMETRIC_STEPWISE --- Out Activation Func. : FANN_LINEAR_PIECE 
00000001 : 0.038236       : 205 
00000250 : 0.030940       : 162 
00000500 : 0.030939       : 162 
00000750 : 0.030938       : 163 
00001000 : 0.030941       : 162 
00001250 : 0.030943       : 162 
00001500 : 0.030943       : 162 
00001750 : 0.030940       : 162 
00002000 : 0.030943       : 162 
@C4Hid Activation Func. : FANN_SIGMOID_SYMMETRIC_STEPWISE --- Out Activation Func. : FANN_LINEAR_PIECE_SYMMETRIC 
00000001 : 0.009852       : 22 
00000250 : 0.007343       : 19 
00000500 : 0.007031       : 16 
00000750 : 0.007075       : 16 
00001000 : 0.007107       : 16 
00001250 : 0.007157       : 16 
00001500 : 0.007160       : 17 
00001750 : 0.006979       : 12 
00002000 : 0.006940       : 13 
@C4Hid Activation Func. : FANN_SIGMOID_SYMMETRIC_STEPWISE --- Out Activation Func. : FANN_SIN_SYMMETRIC 
00000001 : 0.009852       : 22 
00000250 : 0.005166       : 4 
00000500 : 0.004540       : 3 
00000750 : 0.004210       : 2 
00001000 : 0.003944       : 1 
00001250 : 0.003840       : 1 
00001500 : 0.003764       : 1 
00001750 : 0.003682       : 1 
00002000 : 0.003622       : 1 
@C4Hid Activation Func. : FANN_SIGMOID_SYMMETRIC_STEPWISE --- Out Activation Func. : FANN_COS_SYMMETRIC 
00000001 : 0.256025       : 2521 
00000250 : 0.005271       : 3 
00000500 : 0.004838       : 1 
00000750 : 0.004715       : 1 
00001000 : 0.004609       : 1 
00001250 : 0.004585       : 0 
00001500 : 0.004574       : 0 
00001750 : 0.004536       : 0 
00002000 : 0.004515       : 0 
@C4Hid Activation Func. : FANN_GAUSSIAN --- Out Activation Func. : FANN_LINEAR 
00000001 : 0.053758       : 268 
00000250 : 0.014928       : 37 
00000500 : 0.013245       : 23 
00000750 : 0.012619       : 21 
00001000 : 0.012056       : 24 
00001250 : 0.011723       : 22 
00001500 : 0.011540       : 22 
00001750 : 0.011415       : 20 
00002000 : 0.011269       : 19 
@C4Hid Activation Func. : FANN_GAUSSIAN --- Out Activation Func. : FANN_SIGMOID 
00000001 : 0.296756       : 2169 
00000250 : 0.030939       : 162 
00000500 : 0.030939       : 162 
00000750 : 0.030939       : 162 
00001000 : 0.030939       : 162 
00001250 : 0.030939       : 162 
00001500 : 0.030939       : 162 
00001750 : 0.030939       : 162 
00002000 : 0.030939       : 162 
@C4Hid Activation Func. : FANN_GAUSSIAN --- Out Activation Func. : FANN_SIGMOID_STEPWISE 
00000001 : 0.295505       : 2176 
00000250 : 0.030964       : 161 
00000500 : 0.030939       : 162 
00000750 : 0.030964       : 161 
00001000 : 0.030939       : 162 
00001250 : 0.030964       : 161 
00001500 : 0.030964       : 161 
00001750 : 0.030939       : 162 
00002000 : 0.030964       : 161 
@C4Hid Activation Func. : FANN_GAUSSIAN --- Out Activation Func. : FANN_SIGMOID_SYMMETRIC 
00000001 : 0.013330       : 27 
00000250 : 0.003920       : 1 
00000500 : 0.003412       : 0 
00000750 : 0.003140       : 0 
00001000 : 0.002896       : 0 
00001250 : 0.002806       : 0 
00001500 : 0.002727       : 0 
00001750 : 0.002674       : 0 
00002000 : 0.002624       : 0 
@C4Hid Activation Func. : FANN_GAUSSIAN --- Out Activation Func. : FANN_SIGMOID_SYMMETRIC_STEPWISE 
00000001 : 0.012732       : 24 
00000250 : 0.003882       : 1 
00000500 : 0.003298       : 0 
00000750 : 0.003116       : 0 
00001000 : 0.002964       : 0 
00001250 : 0.002891       : 0 
00001500 : 0.002834       : 0 
00001750 : 0.002803       : 0 
00002000 : 0.002792       : 0 
@C4Hid Activation Func. : FANN_GAUSSIAN --- Out Activation Func. : FANN_GAUSSIAN 
00000001 : 0.993959       : 2660 
00000250 : 0.025722       : 132 
00000500 : 0.022625       : 108 
00000750 : 0.022036       : 107 
00001000 : 0.021863       : 106 
00001250 : 0.021727       : 106 
00001500 : 0.021611       : 107 
00001750 : 0.021539       : 107 
00002000 : 0.021486       : 107 
@C4Hid Activation Func. : FANN_GAUSSIAN --- Out Activation Func. : FANN_GAUSSIAN_SYMMETRIC 
00000001 : 0.240917       : 2514 
00000250 : 0.050993       : 580 
00000500 : 0.050632       : 579 
00000750 : 0.050493       : 579 
00001000 : 0.050286       : 578 
00001250 : 0.050111       : 578 
00001500 : 0.049936       : 578 
00001750 : 0.049812       : 578 
00002000 : 0.049773       : 578 
@C4Hid Activation Func. : FANN_GAUSSIAN --- Out Activation Func. : FANN_ELLIOT 
00000001 : 0.292592       : 2176 
00000250 : 0.029880       : 157 
00000500 : 0.028994       : 153 
00000750 : 0.028680       : 152 
00001000 : 0.028457       : 147 
00001250 : 0.028340       : 146 
00001500 : 0.028224       : 145 
00001750 : 0.028074       : 145 
00002000 : 0.027914       : 145 
@C4Hid Activation Func. : FANN_GAUSSIAN --- Out Activation Func. : FANN_ELLIOT_SYMMETRIC 
00000001 : 0.012245       : 24 
00000250 : 0.005959       : 7 
00000500 : 0.005842       : 7 
00000750 : 0.005749       : 8 
00001000 : 0.005729       : 7 
00001250 : 0.005717       : 7 
00001500 : 0.005711       : 7 
00001750 : 0.005705       : 7 
00002000 : 0.005697       : 7 
@C4Hid Activation Func. : FANN_GAUSSIAN --- Out Activation Func. : FANN_LINEAR_PIECE 
00000001 : 0.049132       : 232 
00000250 : 0.030943       : 163 
00000500 : 0.030940       : 162 
00000750 : 0.030942       : 162 
00001000 : 0.030940       : 163 
00001250 : 0.030940       : 162 
00001500 : 0.030944       : 162 
00001750 : 0.030939       : 162 
00002000 : 0.030944       : 162 
@C4Hid Activation Func. : FANN_GAUSSIAN --- Out Activation Func. : FANN_LINEAR_PIECE_SYMMETRIC 
00000001 : 0.013440       : 27 
00000250 : 0.004088       : 1 
00000500 : 0.003254       : 0 
00000750 : 0.002945       : 0 
00001000 : 0.002795       : 0 
00001250 : 0.002717       : 0 
00001500 : 0.002654       : 0 
00001750 : 0.002632       : 0 
00002000 : 0.002617       : 0 
@C4Hid Activation Func. : FANN_GAUSSIAN --- Out Activation Func. : FANN_SIN_SYMMETRIC 
00000001 : 0.013384       : 27 
00000250 : 0.003709       : 1 
00000500 : 0.003238       : 0 
00000750 : 0.003013       : 0 
00001000 : 0.002948       : 0 
00001250 : 0.002923       : 0 
00001500 : 0.002893       : 0 
00001750 : 0.002844       : 0 
00002000 : 0.002784       : 0 
@C4Hid Activation Func. : FANN_GAUSSIAN --- Out Activation Func. : FANN_COS_SYMMETRIC 
00000001 : 0.252335       : 2518 
00000250 : 0.005397       : 6 
00000500 : 0.004878       : 3 
00000750 : 0.004521       : 3 
00001000 : 0.004129       : 1 
00001250 : 0.003870       : 1 
00001500 : 0.003664       : 1 
00001750 : 0.003546       : 1 
00002000 : 0.003478       : 1 
@C4Hid Activation Func. : FANN_GAUSSIAN_SYMMETRIC --- Out Activation Func. : FANN_LINEAR 
00000001 : 0.053729       : 268 
00000250 : 0.016645       : 53 
00000500 : 0.014496       : 41 
00000750 : 0.013604       : 32 
00001000 : 0.013146       : 29 
00001250 : 0.012757       : 25 
00001500 : 0.012471       : 24 
00001750 : 0.012223       : 25 
00002000 : 0.011928       : 20 
@C4Hid Activation Func. : FANN_GAUSSIAN_SYMMETRIC --- Out Activation Func. : FANN_SIGMOID 
00000001 : 0.296771       : 2169 
00000250 : 0.030902       : 163 
00000500 : 0.030883       : 163 
00000750 : 0.030826       : 163 
00001000 : 0.030825       : 163 
00001250 : 0.030825       : 163 
00001500 : 0.030825       : 163 
00001750 : 0.030825       : 163 
00002000 : 0.030825       : 163 
@C4Hid Activation Func. : FANN_GAUSSIAN_SYMMETRIC --- Out Activation Func. : FANN_SIGMOID_STEPWISE 
00000001 : 0.295518       : 2176 
00000250 : 0.030964       : 161 
00000500 : 0.030939       : 162 
00000750 : 0.030964       : 161 
00001000 : 0.030939       : 162 
00001250 : 0.030965       : 161 
00001500 : 0.030964       : 161 
00001750 : 0.030939       : 162 
00002000 : 0.030964       : 161 
@C4Hid Activation Func. : FANN_GAUSSIAN_SYMMETRIC --- Out Activation Func. : FANN_SIGMOID_SYMMETRIC 
00000001 : 0.013323       : 27 
00000250 : 0.004271       : 0 
00000500 : 0.003561       : 0 
00000750 : 0.003308       : 0 
00001000 : 0.003171       : 0 
00001250 : 0.003092       : 0 
00001500 : 0.003056       : 0 
00001750 : 0.003011       : 0 
00002000 : 0.002949       : 0 
@C4Hid Activation Func. : FANN_GAUSSIAN_SYMMETRIC --- Out Activation Func. : FANN_SIGMOID_SYMMETRIC_STEPWISE 
00000001 : 0.012726       : 24 
00000250 : 0.003767       : 1 
00000500 : 0.003381       : 1 
00000750 : 0.003129       : 1 
00001000 : 0.002831       : 0 
00001250 : 0.002755       : 0 
00001500 : 0.002701       : 0 
00001750 : 0.002645       : 0 
00002000 : 0.002611       : 0 
@C4Hid Activation Func. : FANN_GAUSSIAN_SYMMETRIC --- Out Activation Func. : FANN_GAUSSIAN 
00000001 : 0.994012       : 2660 
00000250 : 0.027381       : 143 
00000500 : 0.025389       : 131 
00000750 : 0.024946       : 129 
00001000 : 0.024670       : 127 
00001250 : 0.024405       : 123 
00001500 : 0.024038       : 119 
00001750 : 0.023672       : 115 
00002000 : 0.023482       : 114 
@C4Hid Activation Func. : FANN_GAUSSIAN_SYMMETRIC --- Out Activation Func. : FANN_GAUSSIAN_SYMMETRIC 
00000001 : 0.240941       : 2514 
00000250 : 0.005387       : 5 
00000500 : 0.005170       : 4 
00000750 : 0.004873       : 2 
00001000 : 0.004593       : 3 
00001250 : 0.004242       : 1 
00001500 : 0.004026       : 0 
00001750 : 0.003873       : 0 
00002000 : 0.003772       : 0 
@C4Hid Activation Func. : FANN_GAUSSIAN_SYMMETRIC --- Out Activation Func. : FANN_ELLIOT 
00000001 : 0.292606       : 2176 
00000250 : 0.029406       : 154 
00000500 : 0.029221       : 155 
00000750 : 0.028911       : 153 
00001000 : 0.028828       : 153 
00001250 : 0.028682       : 153 
00001500 : 0.028520       : 151 
00001750 : 0.028391       : 149 
00002000 : 0.028297       : 148 
@C4Hid Activation Func. : FANN_GAUSSIAN_SYMMETRIC --- Out Activation Func. : FANN_ELLIOT_SYMMETRIC 
00000001 : 0.012240       : 24 
00000250 : 0.004479       : 1 
00000500 : 0.003810       : 0 
00000750 : 0.003617       : 0 
00001000 : 0.003522       : 0 
00001250 : 0.003431       : 0 
00001500 : 0.003357       : 0 
00001750 : 0.003317       : 0 
00002000 : 0.003300       : 0 
@C4Hid Activation Func. : FANN_GAUSSIAN_SYMMETRIC --- Out Activation Func. : FANN_LINEAR_PIECE 
00000001 : 0.049120       : 232 
00000250 : 0.030941       : 163 
00000500 : 0.030941       : 162 
00000750 : 0.030939       : 162 
00001000 : 0.030943       : 163 
00001250 : 0.030941       : 162 
00001500 : 0.030942       : 162 
00001750 : 0.030940       : 162 
00002000 : 0.030941       : 162 
@C4Hid Activation Func. : FANN_GAUSSIAN_SYMMETRIC --- Out Activation Func. : FANN_LINEAR_PIECE_SYMMETRIC 
00000001 : 0.013432       : 27 
00000250 : 0.004428       : 2 
00000500 : 0.003655       : 1 
00000750 : 0.003323       : 0 
00001000 : 0.003032       : 0 
00001250 : 0.002929       : 0 
00001500 : 0.002875       : 0 
00001750 : 0.002846       : 0 
00002000 : 0.002831       : 0 
@C4Hid Activation Func. : FANN_GAUSSIAN_SYMMETRIC --- Out Activation Func. : FANN_SIN_SYMMETRIC 
00000001 : 0.013377       : 27 
00000250 : 0.004074       : 1 
00000500 : 0.003477       : 0 
00000750 : 0.003155       : 0 
00001000 : 0.003057       : 0 
00001250 : 0.002965       : 0 
00001500 : 0.002871       : 0 
00001750 : 0.002770       : 0 
00002000 : 0.002710       : 0 
@C4Hid Activation Func. : FANN_GAUSSIAN_SYMMETRIC --- Out Activation Func. : FANN_COS_SYMMETRIC 
00000001 : 0.252341       : 2518 
00000250 : 0.005630       : 7 
00000500 : 0.005321       : 5 
00000750 : 0.005074       : 3 
00001000 : 0.004807       : 4 
00001250 : 0.004610       : 4 
00001500 : 0.004513       : 2 
00001750 : 0.004380       : 3 
00002000 : 0.004246       : 2 
@C4Hid Activation Func. : FANN_ELLIOT --- Out Activation Func. : FANN_LINEAR 
00000001 : 0.042424       : 216 
00000250 : 0.018654       : 70 
00000500 : 0.017148       : 58 
00000750 : 0.015582       : 44 
00001000 : 0.014985       : 43 
00001250 : 0.014757       : 37 
00001500 : 0.014467       : 35 
00001750 : 0.014307       : 33 
00002000 : 0.014154       : 33 
@C4Hid Activation Func. : FANN_ELLIOT --- Out Activation Func. : FANN_SIGMOID 
00000001 : 0.289408       : 2209 
00000250 : 0.030602       : 159 
00000500 : 0.030539       : 158 
00000750 : 0.030492       : 158 
00001000 : 0.030429       : 157 
00001250 : 0.030425       : 157 
00001500 : 0.030425       : 157 
00001750 : 0.030424       : 157 
00002000 : 0.030424       : 157 
@C4Hid Activation Func. : FANN_ELLIOT --- Out Activation Func. : FANN_SIGMOID_STEPWISE 
00000001 : 0.288692       : 2209 
00000250 : 0.030886       : 162 
00000500 : 0.030902       : 160 
00000750 : 0.030904       : 161 
00001000 : 0.030881       : 161 
00001250 : 0.030905       : 161 
00001500 : 0.030879       : 161 
00001750 : 0.030906       : 160 
00002000 : 0.030905       : 160 
@C4Hid Activation Func. : FANN_ELLIOT --- Out Activation Func. : FANN_SIGMOID_SYMMETRIC 
00000001 : 0.010595       : 22 
00000250 : 0.006201       : 9 
00000500 : 0.006196       : 9 
00000750 : 0.006194       : 9 
00001000 : 0.006192       : 9 
00001250 : 0.006192       : 9 
00001500 : 0.006190       : 9 
00001750 : 0.006185       : 9 
00002000 : 0.006182       : 9 
@C4Hid Activation Func. : FANN_ELLIOT --- Out Activation Func. : FANN_SIGMOID_SYMMETRIC_STEPWISE 
00000001 : 0.010392       : 22 
00000250 : 0.004523       : 2 
00000500 : 0.004051       : 0 
00000750 : 0.003866       : 0 
00001000 : 0.003748       : 0 
00001250 : 0.003689       : 0 
00001500 : 0.003647       : 0 
00001750 : 0.003615       : 0 
00002000 : 0.003587       : 0 
@C4Hid Activation Func. : FANN_ELLIOT --- Out Activation Func. : FANN_GAUSSIAN 
00000001 : 1.016026       : 2661 
00000250 : 0.027607       : 143 
00000500 : 0.027113       : 140 
00000750 : 0.026870       : 138 
00001000 : 0.026706       : 136 
00001250 : 0.026609       : 134 
00001500 : 0.026422       : 132 
00001750 : 0.026304       : 132 
00002000 : 0.026188       : 132 
@C4Hid Activation Func. : FANN_ELLIOT --- Out Activation Func. : FANN_GAUSSIAN_SYMMETRIC 
00000001 : 0.251645       : 2520 
00000250 : 0.005221       : 3 
00000500 : 0.004840       : 3 
00000750 : 0.004586       : 1 
00001000 : 0.004443       : 1 
00001250 : 0.004336       : 1 
00001500 : 0.004266       : 0 
00001750 : 0.004208       : 0 
00002000 : 0.004169       : 0 
@C4Hid Activation Func. : FANN_ELLIOT --- Out Activation Func. : FANN_ELLIOT 
00000001 : 0.287648       : 2209 
00000250 : 0.030162       : 165 
00000500 : 0.029931       : 163 
00000750 : 0.029917       : 163 
00001000 : 0.029905       : 163 
00001250 : 0.029855       : 162 
00001500 : 0.029841       : 162 
00001750 : 0.029836       : 162 
00002000 : 0.029832       : 162 
@C4Hid Activation Func. : FANN_ELLIOT --- Out Activation Func. : FANN_ELLIOT_SYMMETRIC 
00000001 : 0.010374       : 22 
00000250 : 0.005542       : 3 
00000500 : 0.005434       : 4 
00000750 : 0.005413       : 4 
00001000 : 0.005396       : 4 
00001250 : 0.005388       : 4 
00001500 : 0.005383       : 4 
00001750 : 0.005377       : 4 
00002000 : 0.005375       : 4 
@C4Hid Activation Func. : FANN_ELLIOT --- Out Activation Func. : FANN_LINEAR_PIECE 
00000001 : 0.040879       : 206 
00000250 : 0.030942       : 162 
00000500 : 0.030940       : 162 
00000750 : 0.030941       : 162 
00001000 : 0.030942       : 163 
00001250 : 0.030940       : 162 
00001500 : 0.030941       : 162 
00001750 : 0.030939       : 162 
00002000 : 0.030941       : 162 
@C4Hid Activation Func. : FANN_ELLIOT --- Out Activation Func. : FANN_LINEAR_PIECE_SYMMETRIC 
00000001 : 0.010606       : 22 
00000250 : 0.006127       : 9 
00000500 : 0.006041       : 9 
00000750 : 0.005887       : 8 
00001000 : 0.005878       : 8 
00001250 : 0.005871       : 8 
00001500 : 0.005859       : 8 
00001750 : 0.005851       : 8 
00002000 : 0.005847       : 8 
@C4Hid Activation Func. : FANN_ELLIOT --- Out Activation Func. : FANN_SIN_SYMMETRIC 
00000001 : 0.010600       : 22 
00000250 : 0.004381       : 2 
00000500 : 0.003892       : 2 
00000750 : 0.003743       : 1 
00001000 : 0.003664       : 1 
00001250 : 0.003609       : 1 
00001500 : 0.003567       : 1 
00001750 : 0.003531       : 1 
00002000 : 0.003502       : 1 
@C4Hid Activation Func. : FANN_ELLIOT --- Out Activation Func. : FANN_COS_SYMMETRIC 
00000001 : 0.255194       : 2521 
00000250 : 0.005279       : 4 
00000500 : 0.004858       : 2 
00000750 : 0.004667       : 2 
00001000 : 0.004538       : 2 
00001250 : 0.004480       : 2 
00001500 : 0.004417       : 2 
00001750 : 0.004384       : 2 
00002000 : 0.004346       : 2 
@C4Hid Activation Func. : FANN_ELLIOT_SYMMETRIC --- Out Activation Func. : FANN_LINEAR 
00000001 : 0.039401       : 210 
00000250 : 0.017881       : 71 
00000500 : 0.016432       : 51 
00000750 : 0.015718       : 52 
00001000 : 0.015284       : 48 
00001250 : 0.015051       : 47 
00001500 : 0.014647       : 46 
00001750 : 0.014343       : 44 
00002000 : 0.014109       : 43 
@C4Hid Activation Func. : FANN_ELLIOT_SYMMETRIC --- Out Activation Func. : FANN_SIGMOID 
00000001 : 0.283858       : 2220 
00000250 : 0.030559       : 160 
00000500 : 0.030558       : 160 
00000750 : 0.030557       : 160 
00001000 : 0.030558       : 160 
00001250 : 0.030558       : 160 
00001500 : 0.030558       : 160 
00001750 : 0.030557       : 160 
00002000 : 0.030558       : 160 
@C4Hid Activation Func. : FANN_ELLIOT_SYMMETRIC --- Out Activation Func. : FANN_SIGMOID_STEPWISE 
00000001 : 0.283619       : 2218 
00000250 : 0.030964       : 161 
00000500 : 0.030939       : 162 
00000750 : 0.030964       : 161 
00001000 : 0.030939       : 162 
00001250 : 0.030939       : 162 
00001500 : 0.030939       : 162 
00001750 : 0.030964       : 161 
00002000 : 0.030939       : 162 
@C4Hid Activation Func. : FANN_ELLIOT_SYMMETRIC --- Out Activation Func. : FANN_SIGMOID_SYMMETRIC 
00000001 : 0.009850       : 22 
00000250 : 0.009544       : 33 
00000500 : 0.007511       : 19 
00000750 : 0.006984       : 13 
00001000 : 0.006803       : 13 
00001250 : 0.006644       : 12 
00001500 : 0.006537       : 10 
00001750 : 0.006481       : 10 
00002000 : 0.006443       : 10 
@C4Hid Activation Func. : FANN_ELLIOT_SYMMETRIC --- Out Activation Func. : FANN_SIGMOID_SYMMETRIC_STEPWISE 
00000001 : 0.009774       : 23 
00000250 : 0.004702       : 3 
00000500 : 0.004270       : 1 
00000750 : 0.004026       : 0 
00001000 : 0.003867       : 0 
00001250 : 0.003756       : 0 
00001500 : 0.003678       : 0 
00001750 : 0.003638       : 0 
00002000 : 0.003614       : 0 
@C4Hid Activation Func. : FANN_ELLIOT_SYMMETRIC --- Out Activation Func. : FANN_GAUSSIAN 
00000001 : 1.022580       : 2661 
00000250 : 0.027362       : 139 
00000500 : 0.026160       : 133 
00000750 : 0.025855       : 133 
00001000 : 0.025692       : 133 
00001250 : 0.025540       : 131 
00001500 : 0.025434       : 132 
00001750 : 0.025262       : 129 
00002000 : 0.025220       : 129 
@C4Hid Activation Func. : FANN_ELLIOT_SYMMETRIC --- Out Activation Func. : FANN_GAUSSIAN_SYMMETRIC 
00000001 : 0.254886       : 2521 
00000250 : 0.005223       : 5 
00000500 : 0.004772       : 1 
00000750 : 0.004606       : 0 
00001000 : 0.004421       : 0 
00001250 : 0.004335       : 0 
00001500 : 0.004265       : 0 
00001750 : 0.004194       : 0 
00002000 : 0.004155       : 1 
@C4Hid Activation Func. : FANN_ELLIOT_SYMMETRIC --- Out Activation Func. : FANN_ELLIOT 
00000001 : 0.283688       : 2219 
00000250 : 0.030179       : 155 
00000500 : 0.030128       : 155 
00000750 : 0.030121       : 155 
00001000 : 0.030049       : 155 
00001250 : 0.030043       : 155 
00001500 : 0.030036       : 155 
00001750 : 0.030032       : 155 
00002000 : 0.029931       : 154 
@C4Hid Activation Func. : FANN_ELLIOT_SYMMETRIC --- Out Activation Func. : FANN_ELLIOT_SYMMETRIC 
00000001 : 0.009815       : 22 
00000250 : 0.008559       : 16 
00000500 : 0.007876       : 13 
00000750 : 0.007384       : 13 
00001000 : 0.007088       : 12 
00001250 : 0.006982       : 10 
00001500 : 0.006815       : 9 
00001750 : 0.006724       : 10 
00002000 : 0.006589       : 10 
@C4Hid Activation Func. : FANN_ELLIOT_SYMMETRIC --- Out Activation Func. : FANN_LINEAR_PIECE 
00000001 : 0.038236       : 205 
00000250 : 0.030938       : 163 
00000500 : 0.030940       : 162 
00000750 : 0.030938       : 163 
00001000 : 0.030940       : 162 
00001250 : 0.030938       : 163 
00001500 : 0.030940       : 162 
00001750 : 0.030938       : 163 
00002000 : 0.030941       : 162 
@C4Hid Activation Func. : FANN_ELLIOT_SYMMETRIC --- Out Activation Func. : FANN_LINEAR_PIECE_SYMMETRIC 
00000001 : 0.009850       : 22 
00000250 : 0.006241       : 8 
00000500 : 0.006155       : 8 
00000750 : 0.006115       : 8 
00001000 : 0.006078       : 8 
00001250 : 0.006049       : 8 
00001500 : 0.006034       : 8 
00001750 : 0.006033       : 8 
00002000 : 0.006028       : 8 
@C4Hid Activation Func. : FANN_ELLIOT_SYMMETRIC --- Out Activation Func. : FANN_SIN_SYMMETRIC 
00000001 : 0.009850       : 22 
00000250 : 0.004546       : 4 
00000500 : 0.004081       : 2 
00000750 : 0.003890       : 1 
00001000 : 0.003776       : 1 
00001250 : 0.003705       : 1 
00001500 : 0.003659       : 1 
00001750 : 0.003616       : 1 
00002000 : 0.003580       : 1 
@C4Hid Activation Func. : FANN_ELLIOT_SYMMETRIC --- Out Activation Func. : FANN_COS_SYMMETRIC 
00000001 : 0.256026       : 2521 
00000250 : 0.005083       : 4 
00000500 : 0.004552       : 2 
00000750 : 0.004320       : 1 
00001000 : 0.004222       : 1 
00001250 : 0.004149       : 1 
00001500 : 0.004092       : 1 
00001750 : 0.004047       : 1 
00002000 : 0.003993       : 0 
@C4Hid Activation Func. : FANN_LINEAR_PIECE --- Out Activation Func. : FANN_LINEAR 
00000001 : 0.039425       : 212 
00000250 : 0.025612       : 123 
00000500 : 0.025602       : 121 
00000750 : 0.025441       : 113 
00001000 : 0.025489       : 118 
00001250 : 0.025574       : 119 
00001500 : 0.133821       : 128 
00001750 : 0.075797       : 127 
00002000 : 0.025443       : 120 
@C4Hid Activation Func. : FANN_LINEAR_PIECE --- Out Activation Func. : FANN_SIGMOID 
00000001 : 0.283493       : 2220 
00000250 : 0.030943       : 163 
00000500 : 0.030939       : 162 
00000750 : 0.030939       : 162 
00001000 : 0.030939       : 162 
00001250 : 0.030939       : 162 
00001500 : 0.030939       : 162 
00001750 : 0.030939       : 162 
00002000 : 0.030939       : 162 
@C4Hid Activation Func. : FANN_LINEAR_PIECE --- Out Activation Func. : FANN_SIGMOID_STEPWISE 
00000001 : 0.283287       : 2219 
00000250 : 0.030939       : 162 
00000500 : 0.030965       : 161 
00000750 : 0.030939       : 162 
00001000 : 0.030964       : 161 
00001250 : 0.030964       : 161 
00001500 : 0.030939       : 162 
00001750 : 0.030965       : 161 
00002000 : 0.030964       : 161 
@C4Hid Activation Func. : FANN_LINEAR_PIECE --- Out Activation Func. : FANN_SIGMOID_SYMMETRIC 
00000001 : 0.009856       : 22 
00000250 : 0.024804       : 210 
00000500 : 0.021837       : 174 
00000750 : 0.022047       : 186 
00001000 : 0.018331       : 161 
00001250 : 0.019410       : 165 
00001500 : 0.017863       : 147 
00001750 : 0.012973       : 91 
00002000 : 0.006648       : 9 
@C4Hid Activation Func. : FANN_LINEAR_PIECE --- Out Activation Func. : FANN_SIGMOID_SYMMETRIC_STEPWISE 
00000001 : 0.009780       : 22 
00000250 : 0.006410       : 9 
00000500 : 0.006420       : 8 
00000750 : 0.006421       : 8 
00001000 : 0.006435       : 8 
00001250 : 0.006438       : 9 
00001500 : 0.006421       : 8 
00001750 : 0.006499       : 9 
00002000 : 0.006419       : 9 
@C4Hid Activation Func. : FANN_LINEAR_PIECE --- Out Activation Func. : FANN_GAUSSIAN 
00000001 : 1.022673       : 2661 
00000250 : 0.037081       : 203 
00000500 : 0.037117       : 204 
00000750 : 0.036871       : 202 
00001000 : 0.037140       : 203 
00001250 : 0.037100       : 203 
00001500 : 0.037167       : 203 
00001750 : 0.037261       : 203 
00002000 : 0.037315       : 205 
@C4Hid Activation Func. : FANN_LINEAR_PIECE --- Out Activation Func. : FANN_GAUSSIAN_SYMMETRIC 
00000001 : 0.254931       : 2521 
00000250 : 0.183526       : 1911 
00000500 : 0.183317       : 1913 
00000750 : 0.183202       : 1912 
00001000 : 0.182935       : 1909 
00001250 : 0.182492       : 1905 
00001500 : 0.179930       : 1884 
00001750 : 0.179841       : 1884 
00002000 : 0.179875       : 1884 
@C4Hid Activation Func. : FANN_LINEAR_PIECE --- Out Activation Func. : FANN_ELLIOT 
00000001 : 0.283355       : 2219 
00000250 : 0.030775       : 166 
00000500 : 0.030544       : 162 
00000750 : 0.030558       : 163 
00001000 : 0.030762       : 163 
00001250 : 0.030863       : 163 
00001500 : 0.030873       : 163 
00001750 : 0.030863       : 164 
00002000 : 0.030850       : 164 
@C4Hid Activation Func. : FANN_LINEAR_PIECE --- Out Activation Func. : FANN_ELLIOT_SYMMETRIC 
00000001 : 0.009821       : 22 
00000250 : 0.042126       : 382 
00000500 : 0.042773       : 416 
00000750 : 0.030153       : 279 
00001000 : 0.015889       : 110 
00001250 : 0.023857       : 198 
00001500 : 0.023274       : 197 
00001750 : 0.006494       : 7 
00002000 : 0.006515       : 9 
@C4Hid Activation Func. : FANN_LINEAR_PIECE --- Out Activation Func. : FANN_LINEAR_PIECE 
00000001 : 0.038165       : 207 
00000250 : 0.030941       : 162 
00000500 : 0.030939       : 162 
00000750 : 0.030941       : 162 
00001000 : 0.030941       : 163 
00001250 : 0.030941       : 162 
00001500 : 0.030939       : 162 
00001750 : 0.030943       : 162 
00002000 : 0.030940       : 162 
@C4Hid Activation Func. : FANN_LINEAR_PIECE --- Out Activation Func. : FANN_LINEAR_PIECE_SYMMETRIC 
00000001 : 0.009856       : 22 
00000250 : 0.007180       : 19 
00000500 : 0.007434       : 22 
00000750 : 0.007299       : 18 
00001000 : 0.006988       : 17 
00001250 : 0.006780       : 13 
00001500 : 0.006657       : 12 
00001750 : 0.006563       : 12 
00002000 : 0.006501       : 11 
@C4Hid Activation Func. : FANN_LINEAR_PIECE --- Out Activation Func. : FANN_SIN_SYMMETRIC 
00000001 : 0.009856       : 22 
00000250 : 0.010096       : 44 
00000500 : 0.262171       : 2539 
00000750 : 0.262171       : 2539 
00001000 : 0.262171       : 2539 
00001250 : 0.262171       : 2539 
00001500 : 0.262171       : 2539 
00001750 : 0.262171       : 2539 
00002000 : 0.262171       : 2539 
@C4Hid Activation Func. : FANN_LINEAR_PIECE --- Out Activation Func. : FANN_COS_SYMMETRIC 
00000001 : 0.256037       : 2521 
00000250 : 0.010453       : 40 
00000500 : 0.010748       : 40 
00000750 : 0.010641       : 38 
00001000 : 0.010681       : 39 
00001250 : 0.010135       : 36 
00001500 : 0.010014       : 33 
00001750 : 0.010087       : 33 
00002000 : 0.008523       : 20 
@C4Hid Activation Func. : FANN_LINEAR_PIECE_SYMMETRIC --- Out Activation Func. : FANN_LINEAR 
00000001 : 0.039397       : 210 
00000250 : 2373.634701       : 1965 
00000500 : 232.783862       : 1857 
00000750 : 4.059532       : 501 
00001000 : 0.025463       : 121 
00001250 : 0.025482       : 120 
00001500 : 0.025764       : 118 
00001750 : 0.025497       : 122 
00002000 : 0.025564       : 118 
@C4Hid Activation Func. : FANN_LINEAR_PIECE_SYMMETRIC --- Out Activation Func. : FANN_SIGMOID 
00000001 : 0.283891       : 2220 
00000250 : 0.030939       : 162 
00000500 : 0.030939       : 162 
00000750 : 0.030939       : 162 
00001000 : 0.030939       : 162 
00001250 : 0.030939       : 162 
00001500 : 0.030939       : 162 
00001750 : 0.030939       : 162 
00002000 : 0.030939       : 162 
@C4Hid Activation Func. : FANN_LINEAR_PIECE_SYMMETRIC --- Out Activation Func. : FANN_SIGMOID_STEPWISE 
00000001 : 0.283650       : 2218 
00000250 : 0.030964       : 161 
00000500 : 0.030939       : 162 
00000750 : 0.030964       : 161 
00001000 : 0.030939       : 162 
00001250 : 0.030964       : 161 
00001500 : 0.030964       : 161 
00001750 : 0.030939       : 162 
00002000 : 0.030964       : 161 
@C4Hid Activation Func. : FANN_LINEAR_PIECE_SYMMETRIC --- Out Activation Func. : FANN_SIGMOID_SYMMETRIC 
00000001 : 0.009849       : 22 
00000250 : 0.026316       : 229 
00000500 : 0.026220       : 238 
00000750 : 0.025824       : 231 
00001000 : 0.021489       : 190 
00001250 : 0.021619       : 188 
00001500 : 0.023005       : 199 
00001750 : 0.022624       : 194 
00002000 : 0.022625       : 195 
@C4Hid Activation Func. : FANN_LINEAR_PIECE_SYMMETRIC --- Out Activation Func. : FANN_SIGMOID_SYMMETRIC_STEPWISE 
00000001 : 0.009773       : 23 
00000250 : 0.006076       : 8 
00000500 : 0.006014       : 7 
00000750 : 0.006013       : 7 
00001000 : 0.005987       : 7 
00001250 : 0.005992       : 6 
00001500 : 0.006065       : 7 
00001750 : 0.006050       : 7 
00002000 : 0.006066       : 5 
@C4Hid Activation Func. : FANN_LINEAR_PIECE_SYMMETRIC --- Out Activation Func. : FANN_GAUSSIAN 
00000001 : 1.022575       : 2661 
00000250 : 0.037626       : 205 
00000500 : 0.037419       : 205 
00000750 : 0.037532       : 205 
00001000 : 0.037592       : 207 
00001250 : 0.037688       : 209 
00001500 : 0.037359       : 204 
00001750 : 0.037193       : 203 
00002000 : 0.036597       : 201 
@C4Hid Activation Func. : FANN_LINEAR_PIECE_SYMMETRIC --- Out Activation Func. : FANN_GAUSSIAN_SYMMETRIC 
00000001 : 0.254883       : 2521 
00000250 : 0.006299       : 9 
00000500 : 0.006093       : 5 
00000750 : 0.006122       : 9 
00001000 : 0.006085       : 7 
00001250 : 0.006082       : 7 
00001500 : 0.006060       : 7 
00001750 : 0.006139       : 8 
00002000 : 0.006054       : 7 
@C4Hid Activation Func. : FANN_LINEAR_PIECE_SYMMETRIC --- Out Activation Func. : FANN_ELLIOT 
00000001 : 0.283719       : 2219 
00000250 : 0.031018       : 161 
00000500 : 0.030971       : 162 
00000750 : 0.031023       : 162 
00001000 : 0.031023       : 162 
00001250 : 0.031023       : 162 
00001500 : 0.031023       : 162 
00001750 : 0.031023       : 162 
00002000 : 0.031023       : 162 
@C4Hid Activation Func. : FANN_LINEAR_PIECE_SYMMETRIC --- Out Activation Func. : FANN_ELLIOT_SYMMETRIC 
00000001 : 0.009814       : 22 
00000250 : 0.107733       : 1083 
00000500 : 0.119316       : 1178 
00000750 : 0.120962       : 1179 
00001000 : 0.122673       : 1214 
00001250 : 0.120565       : 1196 
00001500 : 0.130271       : 1226 
00001750 : 0.130590       : 1224 
00002000 : 0.129206       : 1223 
@C4Hid Activation Func. : FANN_LINEAR_PIECE_SYMMETRIC --- Out Activation Func. : FANN_LINEAR_PIECE 
00000001 : 0.038240       : 205 
00000250 : 0.030944       : 162 
00000500 : 0.030938       : 163 
00000750 : 0.030939       : 162 
00001000 : 0.030944       : 162 
00001250 : 0.030938       : 163 
00001500 : 0.030939       : 162 
00001750 : 0.030944       : 162 
00002000 : 0.030938       : 163 
@C4Hid Activation Func. : FANN_LINEAR_PIECE_SYMMETRIC --- Out Activation Func. : FANN_LINEAR_PIECE_SYMMETRIC 
00000001 : 0.009849       : 22 
00000250 : 0.007702       : 21 
00000500 : 0.008208       : 26 
00000750 : 0.008692       : 28 
00001000 : 0.008846       : 27 
00001250 : 0.008695       : 26 
00001500 : 0.008988       : 31 
00001750 : 0.009004       : 31 
00002000 : 0.008888       : 32 
@C4Hid Activation Func. : FANN_LINEAR_PIECE_SYMMETRIC --- Out Activation Func. : FANN_SIN_SYMMETRIC 
00000001 : 0.009849       : 22 
00000250 : 0.006096       : 7 
00000500 : 0.006083       : 7 
00000750 : 0.006083       : 7 
00001000 : 0.006082       : 7 
00001250 : 0.006081       : 7 
00001500 : 0.006081       : 7 
00001750 : 0.006080       : 7 
00002000 : 0.006080       : 7 
@C4Hid Activation Func. : FANN_LINEAR_PIECE_SYMMETRIC --- Out Activation Func. : FANN_COS_SYMMETRIC 
00000001 : 0.256025       : 2521 
00000250 : 0.006116       : 8 
00000500 : 0.006092       : 7 
00000750 : 0.006090       : 7 
00001000 : 0.006089       : 7 
00001250 : 0.006088       : 7 
00001500 : 0.006088       : 7 
00001750 : 0.006088       : 7 
00002000 : 0.006089       : 7 
@C4Hid Activation Func. : FANN_SIN_SYMMETRIC --- Out Activation Func. : FANN_LINEAR 
00000001 : 0.039397       : 210 
00000250 : 0.024234       : 114 
00000500 : 0.023658       : 115 
00000750 : 0.022718       : 111 
00001000 : 0.022083       : 106 
00001250 : 0.021527       : 104 
00001500 : 0.021203       : 98 
00001750 : 0.021642       : 101 
00002000 : 0.020992       : 92 
@C4Hid Activation Func. : FANN_SIN_SYMMETRIC --- Out Activation Func. : FANN_SIGMOID 
00000001 : 0.283890       : 2220 
00000250 : 0.030744       : 160 
00000500 : 0.032608       : 166 
00000750 : 0.038879       : 185 
00001000 : 0.032906       : 167 
00001250 : 0.032990       : 167 
00001500 : 0.031829       : 164 
00001750 : 0.032264       : 167 
00002000 : 0.032741       : 168 
@C4Hid Activation Func. : FANN_SIN_SYMMETRIC --- Out Activation Func. : FANN_SIGMOID_STEPWISE 
00000001 : 0.283649       : 2218 
00000250 : 0.031524       : 166 
00000500 : 0.030203       : 162 
00000750 : 0.030966       : 163 
00001000 : 0.030709       : 162 
00001250 : 0.032537       : 177 
00001500 : 0.030813       : 162 
00001750 : 0.031530       : 171 
00002000 : 0.030401       : 158 
@C4Hid Activation Func. : FANN_SIN_SYMMETRIC --- Out Activation Func. : FANN_SIGMOID_SYMMETRIC 
00000001 : 0.009849       : 22 
00000250 : 0.006044       : 7 
00000500 : 0.006007       : 7 
00000750 : 0.005984       : 7 
00001000 : 0.005975       : 7 
00001250 : 0.005974       : 7 
00001500 : 0.005968       : 7 
00001750 : 0.005962       : 7 
00002000 : 0.005955       : 7 
@C4Hid Activation Func. : FANN_SIN_SYMMETRIC --- Out Activation Func. : FANN_SIGMOID_SYMMETRIC_STEPWISE 
00000001 : 0.009773       : 23 
00000250 : 0.006079       : 7 
00000500 : 0.005814       : 6 
00000750 : 0.005624       : 7 
00001000 : 0.005484       : 7 
00001250 : 0.005384       : 7 
00001500 : 0.005299       : 7 
00001750 : 0.005250       : 8 
00002000 : 0.005384       : 7 
@C4Hid Activation Func. : FANN_SIN_SYMMETRIC --- Out Activation Func. : FANN_GAUSSIAN 
00000001 : 1.022575       : 2661 
00000250 : 0.039512       : 208 
00000500 : 0.041783       : 215 
00000750 : 0.039691       : 214 
00001000 : 0.039373       : 217 
00001250 : 0.040734       : 217 
00001500 : 0.040171       : 217 
00001750 : 0.039274       : 213 
00002000 : 0.040812       : 215 
@C4Hid Activation Func. : FANN_SIN_SYMMETRIC --- Out Activation Func. : FANN_GAUSSIAN_SYMMETRIC 
00000001 : 0.254883       : 2521 
00000250 : 0.006102       : 7 
00000500 : 0.006099       : 7 
00000750 : 0.006095       : 7 
00001000 : 0.005948       : 7 
00001250 : 0.005938       : 7 
00001500 : 0.005933       : 7 
00001750 : 0.005932       : 7 
00002000 : 0.005932       : 7 
@C4Hid Activation Func. : FANN_SIN_SYMMETRIC --- Out Activation Func. : FANN_ELLIOT 
00000001 : 0.283718       : 2219 
00000250 : 0.031257       : 164 
00000500 : 0.031853       : 167 
00000750 : 0.031458       : 164 
00001000 : 0.032633       : 164 
00001250 : 0.032241       : 163 
00001500 : 0.032242       : 163 
00001750 : 0.032242       : 163 
00002000 : 0.032227       : 163 
@C4Hid Activation Func. : FANN_SIN_SYMMETRIC --- Out Activation Func. : FANN_ELLIOT_SYMMETRIC 
00000001 : 0.009814       : 22 
00000250 : 0.006111       : 7 
00000500 : 0.006105       : 7 
00000750 : 0.006106       : 7 
00001000 : 0.006111       : 7 
00001250 : 0.006136       : 7 
00001500 : 0.006108       : 7 
00001750 : 0.006117       : 7 
00002000 : 0.006105       : 7 
@C4Hid Activation Func. : FANN_SIN_SYMMETRIC --- Out Activation Func. : FANN_LINEAR_PIECE 
00000001 : 0.038240       : 205 
00000250 : 0.031653       : 168 
00000500 : 0.038260       : 177 
00000750 : 0.032705       : 170 
00001000 : 0.031732       : 165 
00001250 : 0.036001       : 172 
00001500 : 0.031810       : 164 
00001750 : 0.031470       : 163 
00002000 : 0.032305       : 163 
@C4Hid Activation Func. : FANN_SIN_SYMMETRIC --- Out Activation Func. : FANN_LINEAR_PIECE_SYMMETRIC 
00000001 : 0.009849       : 22 
00000250 : 0.006043       : 6 
00000500 : 0.006058       : 7 
00000750 : 0.005980       : 7 
00001000 : 0.005910       : 7 
00001250 : 0.005802       : 6 
00001500 : 0.005628       : 6 
00001750 : 0.005560       : 6 
00002000 : 0.005500       : 6 
@C4Hid Activation Func. : FANN_SIN_SYMMETRIC --- Out Activation Func. : FANN_SIN_SYMMETRIC 
00000001 : 0.009849       : 22 
00000250 : 0.005957       : 5 
00000500 : 0.005775       : 5 
00000750 : 0.005627       : 5 
00001000 : 0.005666       : 5 
00001250 : 0.005590       : 4 
00001500 : 0.005528       : 5 
00001750 : 0.005453       : 4 
00002000 : 0.005391       : 6 
@C4Hid Activation Func. : FANN_SIN_SYMMETRIC --- Out Activation Func. : FANN_COS_SYMMETRIC 
00000001 : 0.256025       : 2521 
00000250 : 0.024661       : 185 
00000500 : 0.024568       : 182 
00000750 : 0.025128       : 189 
00001000 : 0.024638       : 179 
00001250 : 0.023903       : 172 
00001500 : 0.024557       : 183 
00001750 : 0.024321       : 184 
00002000 : 0.024203       : 182 
@C4Hid Activation Func. : FANN_COS_SYMMETRIC --- Out Activation Func. : FANN_LINEAR 
00000001 : 0.053773       : 268 
00000250 : 0.024945       : 118 
00000500 : 0.024662       : 115 
00000750 : 0.024442       : 120 
00001000 : 0.024366       : 122 
00001250 : 0.024296       : 122 
00001500 : 0.024290       : 119 
00001750 : 0.024226       : 119 
00002000 : 0.024329       : 116 
@C4Hid Activation Func. : FANN_COS_SYMMETRIC --- Out Activation Func. : FANN_SIGMOID 
00000001 : 0.296749       : 2169 
00000250 : 0.030939       : 163 
00000500 : 0.030939       : 162 
00000750 : 0.030939       : 162 
00001000 : 0.030939       : 162 
00001250 : 0.030939       : 162 
00001500 : 0.030939       : 162 
00001750 : 0.030939       : 162 
00002000 : 0.030939       : 162 
@C4Hid Activation Func. : FANN_COS_SYMMETRIC --- Out Activation Func. : FANN_SIGMOID_STEPWISE 
00000001 : 0.295498       : 2176 
00000250 : 0.030939       : 162 
00000500 : 0.030939       : 162 
00000750 : 0.030964       : 161 
00001000 : 0.030964       : 161 
00001250 : 0.030939       : 162 
00001500 : 0.030965       : 161 
00001750 : 0.030939       : 162 
00002000 : 0.030964       : 161 
@C4Hid Activation Func. : FANN_COS_SYMMETRIC --- Out Activation Func. : FANN_SIGMOID_SYMMETRIC 
00000001 : 0.013334       : 27 
00000250 : 0.006031       : 8 
00000500 : 0.006191       : 6 
00000750 : 0.006072       : 6 
00001000 : 0.006044       : 6 
00001250 : 0.006005       : 6 
00001500 : 0.006056       : 7 
00001750 : 0.006086       : 5 
00002000 : 0.006118       : 6 
@C4Hid Activation Func. : FANN_COS_SYMMETRIC --- Out Activation Func. : FANN_SIGMOID_SYMMETRIC_STEPWISE 
00000001 : 0.012735       : 24 
00000250 : 0.005915       : 7 
00000500 : 0.005874       : 6 
00000750 : 0.006091       : 7 
00001000 : 0.006149       : 8 
00001250 : 0.006083       : 7 
00001500 : 0.006100       : 6 
00001750 : 0.006074       : 7 
00002000 : 0.006137       : 7 
@C4Hid Activation Func. : FANN_COS_SYMMETRIC --- Out Activation Func. : FANN_GAUSSIAN 
00000001 : 0.993934       : 2660 
00000250 : 0.029379       : 155 
00000500 : 0.029072       : 155 
00000750 : 0.028493       : 150 
00001000 : 0.028129       : 143 
00001250 : 0.028432       : 150 
00001500 : 0.028634       : 151 
00001750 : 0.028048       : 147 
00002000 : 0.027847       : 146 
@C4Hid Activation Func. : FANN_COS_SYMMETRIC --- Out Activation Func. : FANN_GAUSSIAN_SYMMETRIC 
00000001 : 0.240904       : 2514 
00000250 : 0.051768       : 585 
00000500 : 0.051671       : 584 
00000750 : 0.051529       : 584 
00001000 : 0.051384       : 584 
00001250 : 0.051562       : 583 
00001500 : 0.051756       : 584 
00001750 : 0.051740       : 584 
00002000 : 0.051629       : 585 
@C4Hid Activation Func. : FANN_COS_SYMMETRIC --- Out Activation Func. : FANN_ELLIOT 
00000001 : 0.292586       : 2176 
00000250 : 0.029885       : 158 
00000500 : 0.029880       : 158 
00000750 : 0.029861       : 155 
00001000 : 0.029859       : 155 
00001250 : 0.029831       : 155 
00001500 : 0.029618       : 152 
00001750 : 0.029493       : 153 
00002000 : 0.029478       : 154 
@C4Hid Activation Func. : FANN_COS_SYMMETRIC --- Out Activation Func. : FANN_ELLIOT_SYMMETRIC 
00000001 : 0.012247       : 24 
00000250 : 0.006156       : 8 
00000500 : 0.006092       : 8 
00000750 : 0.006016       : 9 
00001000 : 0.005973       : 9 
00001250 : 0.005803       : 7 
00001500 : 0.005730       : 7 
00001750 : 0.005685       : 7 
00002000 : 0.005663       : 7 
@C4Hid Activation Func. : FANN_COS_SYMMETRIC --- Out Activation Func. : FANN_LINEAR_PIECE 
00000001 : 0.049137       : 232 
00000250 : 0.030938       : 163 
00000500 : 0.030944       : 162 
00000750 : 0.030941       : 162 
00001000 : 0.030939       : 162 
00001250 : 0.030945       : 162 
00001500 : 0.030938       : 163 
00001750 : 0.030942       : 162 
00002000 : 0.030940       : 162 
@C4Hid Activation Func. : FANN_COS_SYMMETRIC --- Out Activation Func. : FANN_LINEAR_PIECE_SYMMETRIC 
00000001 : 0.013443       : 27 
00000250 : 0.006102       : 8 
00000500 : 0.006155       : 7 
00000750 : 0.006138       : 6 
00001000 : 0.006171       : 6 
00001250 : 0.006075       : 5 
00001500 : 0.006087       : 6 
00001750 : 0.006103       : 8 
00002000 : 0.006127       : 6 
@C4Hid Activation Func. : FANN_COS_SYMMETRIC --- Out Activation Func. : FANN_SIN_SYMMETRIC 
00000001 : 0.013387       : 27 
00000250 : 0.005663       : 6 
00000500 : 0.005490       : 6 
00000750 : 0.005648       : 6 
00001000 : 0.005661       : 6 
00001250 : 0.005653       : 6 
00001500 : 0.005648       : 6 
00001750 : 0.005608       : 6 
00002000 : 0.005540       : 7 
@C4Hid Activation Func. : FANN_COS_SYMMETRIC --- Out Activation Func. : FANN_COS_SYMMETRIC 
00000001 : 0.252332       : 2518 
00000250 : 0.005673       : 7 
00000500 : 0.005604       : 6 
00000750 : 0.005583       : 6 
00001000 : 0.005571       : 6 
00001250 : 0.005560       : 6 
00001500 : 0.005551       : 6 
00001750 : 0.005534       : 6 
00002000 : 0.005528       : 6 
@C1Best  Hid. Activation Func. : FANN_GAUSSIAN_SYMMETRIC --- Out. Activation Func. : FANN_SIGMOID_SYMMETRIC_STEPWISE 
